2025-12-08 22:59:33,314 - INFO - Logging iniciado. Archivo: logs\pipeline.log
2025-12-08 22:59:33,321 - INFO - Iniciando Full Load para genres...
2025-12-08 22:59:35,116 - INFO - Guardados 19 géneros en c:\Users\cyber\OneDrive\Desktop\Curso UTN\TP-games\data\bronze\genres (Mode: overwrite).
2025-12-08 22:59:35,117 - INFO - Iniciando Carga Incremental para juegos (2025-11-08 a 2025-12-08)...
2025-12-08 22:59:35,118 - INFO - Cargando página 1...
2025-12-08 22:59:36,739 - INFO - Cargando página 2...
2025-12-08 22:59:38,215 - INFO - Cargando página 3...
2025-12-08 22:59:39,516 - INFO - Cargando página 4...
2025-12-08 22:59:40,603 - INFO - Cargando página 5...
2025-12-08 22:59:41,674 - INFO - Cargando página 6...
2025-12-08 22:59:42,772 - INFO - Cargando página 7...
2025-12-08 22:59:45,971 - INFO - Cargando página 8...
2025-12-08 22:59:47,147 - INFO - Cargando página 9...
2025-12-08 22:59:48,279 - INFO - Cargando página 10...
2025-12-08 22:59:49,463 - INFO - Cargando página 11...
2025-12-08 22:59:50,615 - INFO - Cargando página 12...
2025-12-08 22:59:51,736 - INFO - Cargando página 13...
2025-12-08 22:59:53,056 - INFO - Cargando página 14...
2025-12-08 22:59:54,241 - INFO - Cargando página 15...
2025-12-08 22:59:55,363 - INFO - Cargando página 16...
2025-12-08 22:59:56,577 - INFO - Cargando página 17...
2025-12-08 22:59:57,695 - INFO - Cargando página 18...
2025-12-08 22:59:58,830 - INFO - Cargando página 19...
2025-12-08 23:00:00,063 - INFO - Cargando página 20...
2025-12-08 23:00:01,257 - INFO - Cargando página 21...
2025-12-08 23:00:02,348 - INFO - Cargando página 22...
2025-12-08 23:00:03,485 - INFO - Cargando página 23...
2025-12-08 23:00:04,832 - INFO - Cargando página 24...
2025-12-08 23:00:06,078 - INFO - Cargando página 25...
2025-12-08 23:00:07,221 - INFO - Cargando página 26...
2025-12-08 23:00:08,439 - INFO - Cargando página 27...
2025-12-08 23:00:09,604 - INFO - Cargando página 28...
2025-12-08 23:00:10,869 - INFO - Cargando página 29...
2025-12-08 23:00:12,024 - INFO - Cargando página 30...
2025-12-08 23:00:13,159 - INFO - Cargando página 31...
2025-12-08 23:00:14,300 - INFO - Cargando página 32...
2025-12-08 23:00:15,475 - INFO - Cargando página 33...
2025-12-08 23:00:16,627 - INFO - Cargando página 34...
2025-12-08 23:00:17,761 - INFO - Cargando página 35...
2025-12-08 23:00:19,124 - INFO - Cargando página 36...
2025-12-08 23:00:21,771 - INFO - Cargando página 37...
2025-12-08 23:00:23,172 - INFO - Cargando página 38...
2025-12-08 23:00:24,376 - INFO - Cargando página 39...
2025-12-08 23:00:25,510 - INFO - Cargando página 40...
2025-12-08 23:00:26,622 - INFO - Cargando página 41...
2025-12-08 23:00:27,832 - INFO - Cargando página 42...
2025-12-08 23:00:29,083 - INFO - Cargando página 43...
2025-12-08 23:00:30,231 - INFO - Cargando página 44...
2025-12-08 23:00:31,360 - INFO - Cargando página 45...
2025-12-08 23:00:32,497 - INFO - Cargando página 46...
2025-12-08 23:00:33,672 - INFO - Cargando página 47...
2025-12-08 23:00:34,754 - INFO - Cargando página 48...
2025-12-08 23:00:36,118 - INFO - Cargando página 49...
2025-12-08 23:00:37,321 - INFO - Cargando página 50...
2025-12-08 23:00:38,451 - INFO - Cargando página 51...
2025-12-08 23:00:39,627 - INFO - Cargando página 52...
2025-12-08 23:00:40,936 - INFO - Cargando página 53...
2025-12-08 23:00:42,086 - INFO - No hay más páginas disponibles.
2025-12-08 23:00:42,184 - INFO - Guardados 1044 juegos exitosamente (Mode: Idempotent Append).
2025-12-08 23:00:42,198 - INFO - Starting Silver Layer transformation...
2025-12-08 23:00:42,251 - INFO - Loaded 1044 records from Bronze Games.
2025-12-08 23:00:42,273 - INFO - Saved 1044 records to c:\Users\cyber\OneDrive\Desktop\Curso UTN\TP-games\data\silver\games_refined
2025-12-08 23:00:42,294 - INFO - Saved 15 analytics records to c:\Users\cyber\OneDrive\Desktop\Curso UTN\TP-games\data\silver\games_analytics
2025-12-08 23:06:00,621 - INFO - Logging iniciado. Archivo: logs\pipeline.log
2025-12-08 23:06:00,626 - INFO - Iniciando Full Load para genres...
2025-12-08 23:06:02,453 - INFO - Guardados 19 géneros en c:\Users\cyber\OneDrive\Desktop\Curso UTN\TP-games\data\bronze\genres (Mode: overwrite).
2025-12-08 23:06:02,462 - INFO - Starting Silver Layer transformation...
2025-12-08 23:06:02,509 - INFO - Loaded 1044 records from Bronze Games.
2025-12-08 23:06:02,536 - INFO - Saved 1044 records to c:\Users\cyber\OneDrive\Desktop\Curso UTN\TP-games\data\silver\games_refined
2025-12-08 23:06:02,561 - INFO - Saved 15 analytics records to c:\Users\cyber\OneDrive\Desktop\Curso UTN\TP-games\data\silver\games_analytics
2025-12-08 23:06:28,202 - INFO - Logging iniciado. Archivo: logs\pipeline.log
2025-12-08 23:06:28,208 - INFO - Iniciando Full Load para genres...
2025-12-08 23:06:29,464 - INFO - Guardados 19 géneros en c:\Users\cyber\OneDrive\Desktop\Curso UTN\TP-games\data\bronze\genres (Mode: overwrite).
2025-12-08 23:06:29,469 - INFO - Starting Silver Layer transformation...
2025-12-08 23:06:29,517 - INFO - Loaded 1044 records from Bronze Games.
2025-12-08 23:06:29,552 - INFO - Saved 1044 records to c:\Users\cyber\OneDrive\Desktop\Curso UTN\TP-games\data\silver\games_refined
2025-12-08 23:06:29,577 - INFO - Saved 15 analytics records to c:\Users\cyber\OneDrive\Desktop\Curso UTN\TP-games\data\silver\games_analytics
2025-12-08 23:10:01,213 - INFO - Logging iniciado. Archivo: logs\pipeline.log
2025-12-08 23:10:01,220 - INFO - Iniciando Full Load para genres...
2025-12-08 23:10:03,006 - INFO - Guardados 19 géneros en c:\Users\cyber\OneDrive\Desktop\Curso UTN\TP-games\data\bronze\genres (Mode: overwrite).
2025-12-08 23:10:03,007 - INFO - Iniciando Carga Incremental para juegos (2025-11-08 a 2025-12-08)...
2025-12-08 23:10:03,007 - INFO - Cargando página 1...
2025-12-08 23:10:04,361 - INFO - Cargando página 2...
2025-12-08 23:10:05,607 - INFO - Cargando página 3...
2025-12-08 23:10:07,189 - INFO - Cargando página 4...
2025-12-08 23:10:08,540 - INFO - Cargando página 5...
2025-12-08 23:10:09,750 - INFO - Cargando página 6...
2025-12-08 23:10:10,924 - INFO - Cargando página 7...
2025-12-08 23:10:12,480 - INFO - Cargando página 8...
2025-12-08 23:10:13,839 - INFO - Cargando página 9...
2025-12-08 23:10:15,168 - INFO - Cargando página 10...
2025-12-08 23:10:16,368 - INFO - Cargando página 11...
2025-12-08 23:10:17,577 - INFO - Cargando página 12...
2025-12-08 23:10:18,743 - INFO - Cargando página 13...
2025-12-08 23:10:20,073 - INFO - Cargando página 14...
2025-12-08 23:10:24,140 - INFO - Cargando página 15...
2025-12-08 23:10:25,332 - INFO - Cargando página 16...
2025-12-08 23:10:26,411 - INFO - Cargando página 17...
2025-12-08 23:10:27,581 - INFO - Cargando página 18...
2025-12-08 23:10:29,165 - INFO - Cargando página 19...
2025-12-08 23:10:30,435 - INFO - Cargando página 20...
2025-12-08 23:10:31,877 - INFO - Cargando página 21...
2025-12-08 23:10:32,933 - INFO - Cargando página 22...
2025-12-08 23:10:34,082 - INFO - Cargando página 23...
2025-12-08 23:10:35,363 - INFO - Cargando página 24...
2025-12-08 23:10:36,570 - INFO - Cargando página 25...
2025-12-08 23:10:37,727 - INFO - Cargando página 26...
2025-12-08 23:10:39,107 - INFO - Cargando página 27...
2025-12-08 23:10:40,369 - INFO - Cargando página 28...
2025-12-08 23:10:41,600 - INFO - Cargando página 29...
2025-12-08 23:10:42,806 - INFO - Cargando página 30...
2025-12-08 23:10:44,165 - INFO - Cargando página 31...
2025-12-08 23:10:45,518 - INFO - Cargando página 32...
2025-12-08 23:10:46,645 - INFO - Cargando página 33...
2025-12-08 23:10:47,863 - INFO - Cargando página 34...
2025-12-08 23:10:49,237 - INFO - Cargando página 35...
2025-12-08 23:10:50,484 - INFO - Cargando página 36...
2025-12-08 23:10:51,644 - INFO - Cargando página 37...
2025-12-08 23:10:52,903 - INFO - Cargando página 38...
2025-12-08 23:10:54,102 - INFO - Cargando página 39...
2025-12-08 23:10:55,264 - INFO - Cargando página 40...
2025-12-08 23:10:58,696 - INFO - Cargando página 41...
2025-12-08 23:11:01,170 - INFO - Cargando página 42...
2025-12-08 23:11:02,452 - INFO - Cargando página 43...
2025-12-08 23:11:03,680 - INFO - Cargando página 44...
2025-12-08 23:11:05,045 - INFO - Cargando página 45...
2025-12-08 23:11:06,210 - INFO - Cargando página 46...
2025-12-08 23:11:07,476 - INFO - Cargando página 47...
2025-12-08 23:11:08,763 - INFO - Cargando página 48...
2025-12-08 23:11:10,186 - INFO - Cargando página 49...
2025-12-08 23:11:11,352 - INFO - Cargando página 50...
2025-12-08 23:11:12,553 - INFO - Cargando página 51...
2025-12-08 23:11:13,838 - INFO - Cargando página 52...
2025-12-08 23:11:15,076 - INFO - Cargando página 53...
2025-12-08 23:11:16,194 - INFO - No hay más páginas disponibles.
2025-12-08 23:11:16,259 - INFO - Limpiando partición existente para extraction_date='2025-12-08'...
2025-12-08 23:11:16,311 - INFO - Guardados 1044 juegos exitosamente (Mode: Idempotent Append).
2025-12-08 23:11:16,325 - INFO - Starting Silver Layer transformation...
2025-12-08 23:11:16,380 - INFO - Loaded 1044 records from Bronze Games.
2025-12-08 23:11:16,405 - INFO - Saved 1044 records to c:\Users\cyber\OneDrive\Desktop\Curso UTN\TP-games\data\silver\games_refined
2025-12-08 23:11:16,427 - INFO - Saved 15 analytics records to c:\Users\cyber\OneDrive\Desktop\Curso UTN\TP-games\data\silver\games_analytics
2025-12-08 23:13:27,928 - INFO - Logging iniciado. Archivo: logs\pipeline.log
2025-12-08 23:13:27,934 - INFO - Iniciando Full Load para genres...
2025-12-08 23:13:29,782 - INFO - Guardados 19 géneros en c:\Users\cyber\OneDrive\Desktop\Curso UTN\TP-games\data\bronze\genres (Mode: overwrite).
2025-12-08 23:13:29,783 - INFO - Iniciando Carga Incremental para juegos (2025-11-08 a 2025-12-08)...
2025-12-08 23:13:29,783 - INFO - Cargando página 1...
2025-12-08 23:13:31,095 - INFO - Cargando página 2...
2025-12-08 23:13:32,117 - INFO - Cargando página 3...
2025-12-08 23:13:33,569 - INFO - Cargando página 4...
2025-12-08 23:13:34,748 - INFO - Cargando página 5...
2025-12-08 23:13:36,484 - INFO - Cargando página 6...
2025-12-08 23:13:41,807 - INFO - Cargando página 7...
2025-12-08 23:13:42,856 - INFO - Cargando página 8...
2025-12-08 23:13:44,146 - INFO - Cargando página 9...
2025-12-08 23:13:45,261 - INFO - Cargando página 10...
2025-12-08 23:13:46,363 - INFO - Cargando página 11...
2025-12-08 23:13:47,572 - INFO - Cargando página 12...
2025-12-08 23:13:48,733 - INFO - Cargando página 13...
2025-12-08 23:13:50,129 - INFO - Cargando página 14...
2025-12-08 23:13:51,429 - INFO - Cargando página 15...
2025-12-08 23:13:52,765 - INFO - Cargando página 16...
2025-12-08 23:13:54,198 - INFO - Cargando página 17...
2025-12-08 23:13:55,496 - INFO - Cargando página 18...
2025-12-08 23:13:56,916 - INFO - Cargando página 19...
2025-12-08 23:13:57,978 - INFO - Cargando página 20...
2025-12-08 23:13:59,205 - INFO - Cargando página 21...
2025-12-08 23:14:00,587 - INFO - Cargando página 22...
2025-12-08 23:14:02,014 - INFO - Cargando página 23...
2025-12-08 23:14:05,073 - INFO - Cargando página 24...
2025-12-08 23:14:06,325 - INFO - Cargando página 25...
2025-12-08 23:14:07,616 - INFO - Cargando página 26...
2025-12-08 23:14:08,687 - INFO - Cargando página 27...
2025-12-08 23:14:13,222 - INFO - Cargando página 28...
2025-12-08 23:14:14,792 - INFO - Cargando página 29...
2025-12-08 23:14:15,915 - INFO - Cargando página 30...
2025-12-08 23:14:17,248 - INFO - Cargando página 31...
2025-12-08 23:14:18,374 - INFO - Cargando página 32...
2025-12-08 23:14:19,569 - INFO - Cargando página 33...
2025-12-08 23:14:20,930 - INFO - Cargando página 34...
2025-12-08 23:14:22,168 - INFO - Cargando página 35...
2025-12-08 23:14:23,329 - INFO - Cargando página 36...
2025-12-08 23:14:24,618 - INFO - Cargando página 37...
2025-12-08 23:14:25,792 - INFO - Cargando página 38...
2025-12-08 23:14:26,979 - INFO - Cargando página 39...
2025-12-08 23:14:28,083 - INFO - Cargando página 40...
2025-12-08 23:14:29,267 - INFO - Cargando página 41...
2025-12-08 23:14:30,500 - INFO - Cargando página 42...
2025-12-08 23:14:31,678 - INFO - Cargando página 43...
2025-12-08 23:14:32,932 - INFO - Cargando página 44...
2025-12-08 23:14:34,264 - INFO - Cargando página 45...
2025-12-08 23:14:36,422 - INFO - Cargando página 46...
2025-12-08 23:14:37,734 - INFO - Cargando página 47...
2025-12-08 23:14:39,051 - INFO - Cargando página 48...
2025-12-08 23:14:43,642 - INFO - Cargando página 49...
2025-12-08 23:14:45,357 - INFO - Cargando página 50...
2025-12-08 23:14:46,468 - INFO - Cargando página 51...
2025-12-08 23:14:47,676 - INFO - Cargando página 52...
2025-12-08 23:14:49,104 - INFO - Cargando página 53...
2025-12-08 23:14:50,233 - INFO - No hay más páginas disponibles.
2025-12-08 23:14:50,335 - INFO - Guardados 1044 juegos exitosamente (Mode: Idempotent Append).
2025-12-08 23:14:50,349 - INFO - Starting Silver Layer transformation...
2025-12-08 23:14:50,405 - INFO - Loaded 1044 records from Bronze Games.
2025-12-08 23:14:50,428 - INFO - Saved 1044 records to c:\Users\cyber\OneDrive\Desktop\Curso UTN\TP-games\data\silver\games_refined
2025-12-08 23:14:50,449 - INFO - Saved 15 analytics records to c:\Users\cyber\OneDrive\Desktop\Curso UTN\TP-games\data\silver\games_analytics
2025-12-08 23:28:41,558 - INFO - Logging iniciado. Archivo: logs\pipeline.log
2025-12-08 23:28:41,564 - INFO - Iniciando Full Load para genres...
2025-12-08 23:28:42,741 - INFO - Guardados 19 géneros en c:\Users\cyber\OneDrive\Desktop\Curso UTN\TP-games\data\bronze\genres (Mode: overwrite).
2025-12-08 23:28:42,742 - INFO - Iniciando Carga Incremental para juegos (2025-11-08 a 2025-12-08)...
2025-12-08 23:28:42,743 - INFO - Cargando página 1...
2025-12-08 23:28:43,897 - INFO - Cargando página 2...
2025-12-08 23:28:45,229 - INFO - Cargando página 3...
2025-12-08 23:28:46,562 - INFO - Cargando página 4...
2025-12-08 23:28:47,930 - INFO - Cargando página 5...
2025-12-08 23:28:49,095 - INFO - Cargando página 6...
2025-12-08 23:28:50,197 - INFO - Cargando página 7...
2025-12-08 23:28:51,503 - INFO - Cargando página 8...
2025-12-08 23:28:52,673 - INFO - Cargando página 9...
2025-12-08 23:28:54,326 - INFO - Cargando página 10...
2025-12-08 23:28:55,739 - INFO - Cargando página 11...
2025-12-08 23:28:56,991 - INFO - Cargando página 12...
2025-12-08 23:28:58,225 - INFO - Cargando página 13...
2025-12-08 23:28:59,378 - INFO - Cargando página 14...
2025-12-08 23:29:00,549 - INFO - Cargando página 15...
2025-12-08 23:29:01,966 - INFO - Cargando página 16...
2025-12-08 23:29:03,185 - INFO - Cargando página 17...
2025-12-08 23:29:07,261 - INFO - Cargando página 18...
2025-12-08 23:29:09,121 - INFO - Cargando página 19...
2025-12-08 23:29:10,218 - INFO - Cargando página 20...
2025-12-08 23:29:11,426 - INFO - Cargando página 21...
2025-12-08 23:29:12,820 - INFO - Cargando página 22...
2025-12-08 23:29:15,181 - INFO - Cargando página 23...
2025-12-08 23:29:16,584 - INFO - Cargando página 24...
2025-12-08 23:29:17,759 - INFO - Cargando página 25...
2025-12-08 23:29:19,163 - INFO - Cargando página 26...
2025-12-08 23:29:20,294 - INFO - Cargando página 27...
2025-12-08 23:29:21,529 - INFO - Cargando página 28...
2025-12-08 23:29:22,785 - INFO - Cargando página 29...
2025-12-08 23:29:23,938 - INFO - Cargando página 30...
2025-12-08 23:29:25,135 - INFO - Cargando página 31...
2025-12-08 23:29:26,287 - INFO - Cargando página 32...
2025-12-08 23:29:27,636 - INFO - Cargando página 33...
2025-12-08 23:29:29,089 - INFO - Cargando página 34...
2025-12-08 23:29:30,242 - INFO - Cargando página 35...
2025-12-08 23:29:31,415 - INFO - Cargando página 36...
2025-12-08 23:29:32,654 - INFO - Cargando página 37...
2025-12-08 23:29:33,790 - INFO - Cargando página 38...
2025-12-08 23:29:35,018 - INFO - Cargando página 39...
2025-12-08 23:29:36,173 - INFO - Cargando página 40...
2025-12-08 23:29:39,975 - INFO - Cargando página 41...
2025-12-08 23:29:41,173 - INFO - Cargando página 42...
2025-12-08 23:29:42,364 - INFO - Cargando página 43...
2025-12-08 23:29:46,376 - INFO - Cargando página 44...
2025-12-08 23:29:48,001 - INFO - Cargando página 45...
2025-12-08 23:29:49,072 - INFO - Cargando página 46...
2025-12-08 23:29:50,260 - INFO - Cargando página 47...
2025-12-08 23:29:51,398 - INFO - Cargando página 48...
2025-12-08 23:29:52,587 - INFO - Cargando página 49...
2025-12-08 23:29:53,785 - INFO - Cargando página 50...
2025-12-08 23:29:55,148 - INFO - Cargando página 51...
2025-12-08 23:29:56,905 - INFO - Cargando página 52...
2025-12-08 23:29:58,234 - INFO - Cargando página 53...
2025-12-08 23:29:59,444 - INFO - No hay más páginas disponibles.
2025-12-08 23:29:59,552 - INFO - Guardados 1044 juegos exitosamente (Mode: Idempotent Append).
2025-12-08 23:29:59,566 - INFO - Starting Silver Layer transformation...
2025-12-08 23:29:59,982 - INFO - Loaded 1044 records from Bronze Games.
2025-12-08 23:30:00,007 - INFO - Saved 1044 records to c:\Users\cyber\OneDrive\Desktop\Curso UTN\TP-games\data\silver\games_refined
2025-12-08 23:30:00,028 - INFO - Saved 15 analytics records to c:\Users\cyber\OneDrive\Desktop\Curso UTN\TP-games\data\silver\games_analytics
2025-12-08 23:39:33,778 - INFO - Logging iniciado. Archivo: logs\pipeline.log
2025-12-08 23:39:33,785 - INFO - Iniciando Full Load para genres...
2025-12-08 23:39:35,671 - INFO - Guardados 19 géneros en c:\Users\cyber\OneDrive\Desktop\Curso UTN\TP-games\data\bronze\genres (Mode: overwrite).
2025-12-08 23:39:35,672 - INFO - Iniciando Carga Incremental para juegos (2025-11-08 a 2025-12-08)...
2025-12-08 23:39:35,672 - INFO - Cargando página 1...
2025-12-08 23:39:43,395 - INFO - Cargando página 2...
2025-12-08 23:39:45,222 - INFO - Cargando página 3...
2025-12-08 23:39:46,252 - INFO - Cargando página 4...
2025-12-08 23:39:47,391 - INFO - Cargando página 5...
2025-12-08 23:39:49,795 - INFO - Cargando página 6...
2025-12-08 23:40:00,330 - INFO - Cargando página 7...
2025-12-08 23:40:06,588 - INFO - Cargando página 8...
2025-12-08 23:40:11,180 - INFO - Cargando página 9...
2025-12-08 23:40:14,758 - INFO - Cargando página 10...
2025-12-08 23:40:16,393 - INFO - Cargando página 11...
2025-12-08 23:40:19,057 - INFO - Cargando página 12...
2025-12-08 23:40:20,150 - INFO - Cargando página 13...
2025-12-08 23:40:21,231 - INFO - Cargando página 14...
2025-12-08 23:40:22,298 - INFO - Cargando página 15...
2025-12-08 23:40:23,713 - INFO - Cargando página 16...
2025-12-08 23:40:24,802 - INFO - Cargando página 17...
2025-12-08 23:40:26,146 - INFO - Cargando página 18...
2025-12-08 23:40:27,288 - INFO - Cargando página 19...
2025-12-08 23:40:28,901 - INFO - Cargando página 20...
2025-12-08 23:40:30,001 - INFO - Cargando página 21...
2025-12-08 23:40:31,279 - INFO - Cargando página 22...
2025-12-08 23:40:33,298 - INFO - Cargando página 23...
2025-12-08 23:40:37,385 - INFO - Cargando página 24...
2025-12-08 23:40:38,789 - INFO - Cargando página 25...
2025-12-08 23:40:43,881 - INFO - Cargando página 26...
2025-12-08 23:40:53,517 - INFO - Cargando página 27...
2025-12-08 23:40:55,599 - INFO - Cargando página 28...
2025-12-08 23:40:57,734 - INFO - Cargando página 29...
2025-12-08 23:41:01,795 - INFO - Cargando página 30...
2025-12-08 23:41:03,337 - INFO - Cargando página 31...
2025-12-08 23:41:04,732 - INFO - Cargando página 32...
2025-12-08 23:41:06,052 - INFO - Cargando página 33...
2025-12-08 23:41:07,766 - INFO - Cargando página 34...
2025-12-08 23:41:11,009 - INFO - Cargando página 35...
2025-12-08 23:41:12,363 - INFO - Cargando página 36...
2025-12-08 23:41:13,530 - INFO - Cargando página 37...
2025-12-08 23:41:16,309 - INFO - Cargando página 38...
2025-12-08 23:41:21,924 - INFO - Cargando página 39...
2025-12-08 23:41:24,378 - INFO - Cargando página 40...
2025-12-08 23:41:25,517 - INFO - Cargando página 41...
2025-12-08 23:41:26,672 - INFO - Cargando página 42...
2025-12-08 23:41:28,156 - INFO - Cargando página 43...
2025-12-08 23:41:36,961 - INFO - Cargando página 44...
2025-12-08 23:41:38,139 - INFO - Cargando página 45...
2025-12-08 23:41:39,296 - INFO - Cargando página 46...
2025-12-08 23:41:40,482 - INFO - Cargando página 47...
2025-12-08 23:41:43,835 - INFO - Cargando página 48...
2025-12-08 23:41:45,001 - INFO - Cargando página 49...
2025-12-08 23:41:48,133 - INFO - Cargando página 50...
2025-12-08 23:41:49,249 - INFO - Cargando página 51...
2025-12-08 23:41:50,333 - INFO - Cargando página 52...
2025-12-08 23:41:52,064 - INFO - Cargando página 53...
2025-12-08 23:41:53,292 - INFO - No hay más páginas disponibles.
2025-12-08 23:41:53,360 - INFO - Limpiando partición existente para extraction_date='2025-12-08'...
2025-12-08 23:41:53,411 - INFO - Guardados 1044 juegos exitosamente (Mode: Idempotent Append).
2025-12-08 23:41:53,424 - INFO - Starting Silver Layer transformation...
2025-12-08 23:41:53,481 - INFO - Loaded 1044 records from Bronze Games.
2025-12-08 23:41:53,511 - INFO - Saved 1044 records to c:\Users\cyber\OneDrive\Desktop\Curso UTN\TP-games\data\silver\games_refined
2025-12-08 23:41:53,538 - INFO - Saved 15 analytics records to c:\Users\cyber\OneDrive\Desktop\Curso UTN\TP-games\data\silver\games_analytics
2025-12-08 23:45:34,409 - INFO - Logging iniciado. Archivo: logs\pipeline.log
2025-12-08 23:45:34,416 - INFO - Iniciando Full Load para genres...
2025-12-08 23:45:36,219 - INFO - Guardados 19 géneros en c:\Users\cyber\OneDrive\Desktop\Curso UTN\TP-games\data\bronze\genres (Mode: overwrite).
2025-12-08 23:45:36,220 - INFO - Iniciando Carga Incremental para juegos (2025-12-01 a 2025-12-08)...
2025-12-08 23:45:36,221 - INFO - Cargando página 1...
2025-12-08 23:45:40,484 - INFO - No hay más páginas disponibles.
2025-12-08 23:45:40,494 - INFO - Limpiando partición existente para extraction_date='2025-12-08'...
2025-12-08 23:45:40,527 - INFO - Guardados 17 juegos exitosamente (Mode: Idempotent Append).
2025-12-08 23:45:40,533 - INFO - Starting Silver Layer transformation...
2025-12-08 23:45:40,570 - INFO - Loaded 17 records from Bronze Games.
2025-12-08 23:45:40,589 - INFO - Saved 17 records to c:\Users\cyber\OneDrive\Desktop\Curso UTN\TP-games\data\silver\games_refined
2025-12-08 23:45:40,598 - ERROR - Failed to write analytics data: Cannot cast schema, number of fields does not match: 4 vs 5
2025-12-08 23:46:19,785 - INFO - Logging iniciado. Archivo: logs\pipeline.log
2025-12-08 23:46:19,791 - INFO - Iniciando Full Load para genres...
2025-12-08 23:46:24,812 - INFO - Guardados 19 géneros en c:\Users\cyber\OneDrive\Desktop\Curso UTN\TP-games\data\bronze\genres (Mode: overwrite).
2025-12-08 23:46:24,813 - INFO - Iniciando Carga Incremental para juegos (2025-12-01 a 2025-12-08)...
2025-12-08 23:46:24,813 - INFO - Cargando página 1...
2025-12-08 23:46:31,681 - INFO - No hay más páginas disponibles.
2025-12-08 23:46:31,708 - INFO - Guardados 17 juegos exitosamente (Mode: Idempotent Append).
2025-12-08 23:46:31,713 - INFO - Starting Silver Layer transformation...
2025-12-08 23:46:31,752 - INFO - Loaded 17 records from Bronze Games.
2025-12-08 23:46:31,770 - INFO - Saved 17 records to c:\Users\cyber\OneDrive\Desktop\Curso UTN\TP-games\data\silver\games_refined
2025-12-08 23:46:31,788 - INFO - Saved 12 analytics records to c:\Users\cyber\OneDrive\Desktop\Curso UTN\TP-games\data\silver\games_analytics
2025-12-08 23:53:46,989 - INFO - Logging iniciado. Archivo: logs\pipeline.log
2025-12-08 23:53:46,995 - INFO - Iniciando Full Load para genres...
2025-12-08 23:53:49,145 - INFO - Guardados 19 géneros en c:\Users\cyber\OneDrive\Desktop\Curso UTN\TP-games\data\bronze\genres (Mode: overwrite).
2025-12-08 23:53:49,146 - INFO - Iniciando Carga Incremental para juegos (2025-12-01 a 2025-12-08)...
2025-12-08 23:53:49,146 - INFO - Cargando página 1...
2025-12-08 23:53:50,693 - INFO - No hay más páginas disponibles.
2025-12-08 23:53:50,717 - INFO - Guardados 17 juegos exitosamente (Mode: Idempotent Append).
2025-12-08 23:53:50,723 - INFO - Starting Silver Layer transformation...
2025-12-08 23:53:50,762 - INFO - Loaded 17 records from Bronze Games.
2025-12-08 23:53:50,779 - INFO - Saved 17 records to c:\Users\cyber\OneDrive\Desktop\Curso UTN\TP-games\data\silver\games_refined
2025-12-08 23:53:50,802 - INFO - Saved 12 analytics records to c:\Users\cyber\OneDrive\Desktop\Curso UTN\TP-games\data\silver\games_analytics
